Build started 3/15/2013 2:40:02 AM.
     1>Project "c:\Users\chengaroo\documents\visual studio 2010\Projects\extracredit\extracredit\extracredit.vcxproj" on node 2 (build target(s)).
     1>InitializeBuildStatus:
         Creating "Debug\extracredit.unsuccessfulbuild" because "AlwaysCreate" was specified.
       ClCompile:
         C:\Program Files (x86)\Microsoft Visual Studio 10.0\VC\bin\CL.exe /c /ZI /nologo /W3 /WX- /Od /Oy- /D WIN32 /D _DEBUG /D _CONSOLE /D _UNICODE /D UNICODE /Gm /EHsc /RTC1 /MDd /GS /fp:precise /Zc:wchar_t /Zc:forScope /Fo"Debug\\" /Fd"Debug\vc100.pdb" /Gd /TP /analyze- /errorReport:prompt machines.cpp system_utilities.cpp
         system_utilities.cpp
     1>c:\users\chengaroo\documents\visual studio 2010\projects\extracredit\extracredit\system_utilities.cpp(170): warning C4018: '<' : signed/unsigned mismatch
         machines.cpp
     1>c:\users\chengaroo\documents\visual studio 2010\projects\extracredit\extracredit\machines.cpp(24): warning C4996: 'strcpy': This function or variable may be unsafe. Consider using strcpy_s instead. To disable deprecation, use _CRT_SECURE_NO_WARNINGS. See online help for details.
                 c:\program files (x86)\microsoft visual studio 10.0\vc\include\string.h(105) : see declaration of 'strcpy'
     1>c:\users\chengaroo\documents\visual studio 2010\projects\extracredit\extracredit\machines.cpp(55): warning C4996: 'strcpy': This function or variable may be unsafe. Consider using strcpy_s instead. To disable deprecation, use _CRT_SECURE_NO_WARNINGS. See online help for details.
                 c:\program files (x86)\microsoft visual studio 10.0\vc\include\string.h(105) : see declaration of 'strcpy'
     1>c:\users\chengaroo\documents\visual studio 2010\projects\extracredit\extracredit\machines.cpp(60): warning C4996: 'strcpy': This function or variable may be unsafe. Consider using strcpy_s instead. To disable deprecation, use _CRT_SECURE_NO_WARNINGS. See online help for details.
                 c:\program files (x86)\microsoft visual studio 10.0\vc\include\string.h(105) : see declaration of 'strcpy'
     1>c:\users\chengaroo\documents\visual studio 2010\projects\extracredit\extracredit\machines.cpp(94): warning C4996: 'strcpy': This function or variable may be unsafe. Consider using strcpy_s instead. To disable deprecation, use _CRT_SECURE_NO_WARNINGS. See online help for details.
                 c:\program files (x86)\microsoft visual studio 10.0\vc\include\string.h(105) : see declaration of 'strcpy'
     1>c:\users\chengaroo\documents\visual studio 2010\projects\extracredit\extracredit\machines.cpp(234): warning C4996: 'strcpy': This function or variable may be unsafe. Consider using strcpy_s instead. To disable deprecation, use _CRT_SECURE_NO_WARNINGS. See online help for details.
                 c:\program files (x86)\microsoft visual studio 10.0\vc\include\string.h(105) : see declaration of 'strcpy'
     1>c:\users\chengaroo\documents\visual studio 2010\projects\extracredit\extracredit\machines.cpp(251): warning C4996: 'strcpy': This function or variable may be unsafe. Consider using strcpy_s instead. To disable deprecation, use _CRT_SECURE_NO_WARNINGS. See online help for details.
                 c:\program files (x86)\microsoft visual studio 10.0\vc\include\string.h(105) : see declaration of 'strcpy'
     1>c:\users\chengaroo\documents\visual studio 2010\projects\extracredit\extracredit\machines.cpp(306): warning C4996: 'strcpy': This function or variable may be unsafe. Consider using strcpy_s instead. To disable deprecation, use _CRT_SECURE_NO_WARNINGS. See online help for details.
                 c:\program files (x86)\microsoft visual studio 10.0\vc\include\string.h(105) : see declaration of 'strcpy'
     1>c:\users\chengaroo\documents\visual studio 2010\projects\extracredit\extracredit\machines.cpp(318): warning C4996: 'strcpy': This function or variable may be unsafe. Consider using strcpy_s instead. To disable deprecation, use _CRT_SECURE_NO_WARNINGS. See online help for details.
                 c:\program files (x86)\microsoft visual studio 10.0\vc\include\string.h(105) : see declaration of 'strcpy'
         Generating Code...
       ManifestResourceCompile:
         All outputs are up-to-date.
       Link:
         C:\Program Files (x86)\Microsoft Visual Studio 10.0\VC\bin\link.exe /ERRORREPORT:PROMPT /OUT:"c:\users\chengaroo\documents\visual studio 2010\Projects\extracredit\Debug\extracredit.exe" /INCREMENTAL /NOLOGO kernel32.lib user32.lib gdi32.lib winspool.lib comdlg32.lib advapi32.lib shell32.lib ole32.lib oleaut32.lib uuid.lib odbc32.lib odbccp32.lib /MANIFEST /ManifestFile:"Debug\extracredit.exe.intermediate.manifest" /MANIFESTUAC:"level='asInvoker' uiAccess='false'" /DEBUG /PDB:"c:\users\chengaroo\documents\visual studio 2010\Projects\extracredit\Debug\extracredit.pdb" /SUBSYSTEM:CONSOLE /TLBID:1 /DYNAMICBASE /NXCOMPAT /IMPLIB:"c:\users\chengaroo\documents\visual studio 2010\Projects\extracredit\Debug\extracredit.lib" /MACHINE:X86 Debug\extracredit.exe.embed.manifest.res
         Debug\disk_drive.obj
         Debug\machines.obj
         Debug\main.obj
         Debug\system_utilities.obj
       Manifest:
         C:\Program Files (x86)\Microsoft SDKs\Windows\v7.0A\bin\mt.exe /nologo /verbose /out:"Debug\extracredit.exe.embed.manifest" /manifest Debug\extracredit.exe.intermediate.manifest
         All outputs are up-to-date.
       LinkEmbedManifest:
         All outputs are up-to-date.
         extracredit.vcxproj -> c:\users\chengaroo\documents\visual studio 2010\Projects\extracredit\Debug\extracredit.exe
       FinalizeBuildStatus:
         Deleting file "Debug\extracredit.unsuccessfulbuild".
         Touching "Debug\extracredit.lastbuildstate".
     1>Done Building Project "c:\Users\chengaroo\documents\visual studio 2010\Projects\extracredit\extracredit\extracredit.vcxproj" (build target(s)).

Build succeeded.

Time Elapsed 00:00:00.74
